--- Crash at Tue Jan  6 18:55:54 UTC 2026 ---
--- Crash at Tue Jan  6 19:01:28 UTC 2026 ---
--- Crash at Tue Jan  6 19:04:41 UTC 2026 ---
--- Crash at Tue Jan  6 19:08:44 UTC 2026 ---
--- Crash at Tue Jan  6 19:20:11 UTC 2026 ---
--- Crash at Wed Jan  7 17:45:24 UTC 2026 ---
--- Crash at Wed Jan  7 17:48:24 UTC 2026 ---
--- Crash at Wed Jan  7 17:51:13 UTC 2026 ---
--- Crash at Wed Jan  7 17:58:44 UTC 2026 ---
--- Crash at Wed Jan  7 18:00:32 UTC 2026 ---
--- Crash at Wed Jan  7 18:19:44 UTC 2026 ---
--- Crash at Thu Jan  8 08:02:38 UTC 2026 ---
--- Crash at Thu Jan  8 08:05:09 UTC 2026 ---
--- Crash at Thu Jan  8 08:12:31 UTC 2026 ---
--- Crash at Thu Jan  8 09:33:28 UTC 2026 ---
--- Crash at Thu Jan  8 09:38:28 UTC 2026 ---
--- Crash at Thu Jan  8 09:43:02 UTC 2026 ---
--- Crash at Thu Jan  8 09:55:22 UTC 2026 ---
--- Crash at Thu Jan  8 10:00:13 UTC 2026 ---
--- Crash at Thu Jan  8 10:03:15 UTC 2026 ---
--- Crash at Thu Jan  8 11:02:52 UTC 2026 ---
--- Crash at Thu Jan  8 11:09:10 UTC 2026 ---
--- Crash at Thu Jan  8 12:23:16 UTC 2026 ---
--- Crash at Thu Jan  8 13:01:23 UTC 2026 ---
--- Crash at Thu Jan  8 13:05:29 UTC 2026 ---
--- Crash at Thu Jan  8 13:18:48 UTC 2026 ---
--- Crash at Thu Jan  8 13:23:28 UTC 2026 ---
--- Crash at Thu Jan  8 13:26:42 UTC 2026 ---
--- Crash at Thu Jan  8 13:38:25 UTC 2026 ---
--- Crash at Thu Jan  8 13:51:26 UTC 2026 ---
--- Crash at Thu Jan  8 14:00:17 UTC 2026 ---
--- Crash at Thu Jan  8 14:09:51 UTC 2026 ---
--- Crash at Thu Jan  8 14:19:50 UTC 2026 ---
Read error: Error: ENOENT: no such file or directory, open '/data/projects/p5tracker/p5r-app/storage/tracker_data.json'
    at Object.readFileSync (node:fs:440:20)
    at file:///data/projects/p5tracker/p5r-app/server.js:24:25
    at Layer.handleRequest (/data/projects/p5tracker/p5r-app/node_modules/router/lib/layer.js:152:17)
    at next (/data/projects/p5tracker/p5r-app/node_modules/router/lib/route.js:157:13)
    at Route.dispatch (/data/projects/p5tracker/p5r-app/node_modules/router/lib/route.js:117:3)
    at handle (/data/projects/p5tracker/p5r-app/node_modules/router/index.js:435:11)
    at Layer.handleRequest (/data/projects/p5tracker/p5r-app/node_modules/router/lib/layer.js:152:17)
    at /data/projects/p5tracker/p5r-app/node_modules/router/index.js:295:15
    at processParams (/data/projects/p5tracker/p5r-app/node_modules/router/index.js:582:12)
    at next (/data/projects/p5tracker/p5r-app/node_modules/router/index.js:291:5) {
  errno: -2,
  code: 'ENOENT',
  syscall: 'open',
  path: '/data/projects/p5tracker/p5r-app/storage/tracker_data.json'
}
Write error: Error: ENOENT: no such file or directory, open '/data/projects/p5tracker/p5r-app/storage/tracker_data.json.tmp'
    at Object.writeFileSync (node:fs:2415:20)
    at file:///data/projects/p5tracker/p5r-app/server.js:45:12
    at Layer.handleRequest (/data/projects/p5tracker/p5r-app/node_modules/router/lib/layer.js:152:17)
    at next (/data/projects/p5tracker/p5r-app/node_modules/router/lib/route.js:157:13)
    at Route.dispatch (/data/projects/p5tracker/p5r-app/node_modules/router/lib/route.js:117:3)
    at handle (/data/projects/p5tracker/p5r-app/node_modules/router/index.js:435:11)
    at Layer.handleRequest (/data/projects/p5tracker/p5r-app/node_modules/router/lib/layer.js:152:17)
    at /data/projects/p5tracker/p5r-app/node_modules/router/index.js:295:15
    at processParams (/data/projects/p5tracker/p5r-app/node_modules/router/index.js:582:12)
    at next (/data/projects/p5tracker/p5r-app/node_modules/router/index.js:291:5) {
  errno: -2,
  code: 'ENOENT',
  syscall: 'open',
  path: '/data/projects/p5tracker/p5r-app/storage/tracker_data.json.tmp'
}
